TN:
SF:C:\xampp\htdocs\banka/app.js
FN:19,(anonymous_1)
FN:34,(anonymous_2)
FN:39,(anonymous_3)
FN:48,(anonymous_4)
FNF:4
FNH:2
FNDA:7,(anonymous_1)
FNDA:0,(anonymous_2)
FNDA:0,(anonymous_3)
FNDA:1,(anonymous_4)
DA:1,1
DA:2,1
DA:3,1
DA:4,1
DA:7,1
DA:8,1
DA:9,1
DA:11,1
DA:14,1
DA:15,1
DA:16,1
DA:19,1
DA:20,7
DA:21,7
DA:22,7
DA:23,0
DA:24,0
DA:26,7
DA:29,1
DA:30,1
DA:31,1
DA:34,1
DA:35,0
DA:36,0
DA:37,0
DA:39,1
DA:40,0
DA:47,1
DA:48,1
DA:50,1
LF:30
LH:24
BRDA:22,0,0,0
BRDA:22,0,1,7
BRDA:40,1,0,0
BRDA:40,1,1,0
BRDA:47,2,0,1
BRDA:47,2,1,1
BRF:6
BRH:3
end_of_record
TN:
SF:C:\xampp\htdocs\banka\api\controllers/accountController.js
FN:14,(anonymous_7)
FN:21,(anonymous_8)
FN:52,(anonymous_10)
FN:71,(anonymous_12)
FNF:4
FNH:4
FNDA:1,(anonymous_7)
FNDA:4,(anonymous_8)
FNDA:1,(anonymous_10)
FNDA:1,(anonymous_12)
DA:1,1
DA:2,1
DA:3,1
DA:7,1
DA:8,1
DA:9,0
DA:14,1
DA:15,1
DA:16,0
DA:21,4
DA:22,1
DA:23,0
DA:28,1
DA:37,1
DA:38,1
DA:52,1
DA:53,1
DA:56,1
DA:60,1
DA:61,1
DA:71,1
DA:72,1
DA:75,1
DA:76,1
DA:77,1
DA:85,1
LF:26
LH:23
BRDA:8,0,0,0
BRDA:8,0,1,1
BRDA:15,1,0,0
BRDA:15,1,1,1
BRDA:22,2,0,0
BRDA:22,2,1,1
BRDA:53,3,0,0
BRDA:53,3,1,1
BRDA:56,4,0,0
BRDA:56,4,1,1
BRDA:72,5,0,0
BRDA:72,5,1,1
BRF:12
BRH:6
end_of_record
TN:
SF:C:\xampp\htdocs\banka\api\controllers/mailController.js
FN:4,Mail
FNF:1
FNH:1
FNDA:2,Mail
DA:1,1
DA:4,2
DA:5,2
DA:6,2
DA:7,2
DA:33,1
LF:6
LH:6
BRF:0
BRH:0
end_of_record
TN:
SF:C:\xampp\htdocs\banka\api\controllers/transController.js
FN:10,(anonymous_7)
FN:41,(anonymous_8)
FN:60,(anonymous_10)
FN:85,(anonymous_11)
FNF:4
FNH:4
FNDA:2,(anonymous_7)
FNDA:4,(anonymous_8)
FNDA:2,(anonymous_10)
FNDA:4,(anonymous_11)
DA:1,1
DA:2,1
DA:3,1
DA:4,1
DA:5,1
DA:10,2
DA:11,1
DA:12,0
DA:17,1
DA:18,1
DA:19,0
DA:24,1
DA:25,0
DA:30,1
DA:31,1
DA:41,4
DA:42,1
DA:43,1
DA:44,1
DA:45,1
DA:46,1
DA:60,2
DA:61,1
DA:62,0
DA:67,1
DA:68,1
DA:69,0
DA:74,1
DA:75,1
DA:85,4
DA:86,1
DA:87,1
DA:88,1
DA:89,1
DA:90,1
DA:104,1
LF:36
LH:31
BRDA:11,0,0,0
BRDA:11,0,1,1
BRDA:18,1,0,0
BRDA:18,1,1,1
BRDA:24,2,0,0
BRDA:24,2,1,1
BRDA:61,3,0,0
BRDA:61,3,1,1
BRDA:68,4,0,0
BRDA:68,4,1,1
BRF:10
BRH:5
end_of_record
TN:
SF:C:\xampp\htdocs\banka\api\controllers/userController.js
FN:12,(anonymous_7)
FN:38,(anonymous_9)
FNF:2
FNH:2
FNDA:4,(anonymous_7)
FNDA:1,(anonymous_9)
DA:1,1
DA:2,1
DA:3,1
DA:5,1
DA:10,1
DA:11,1
DA:12,4
DA:13,1
DA:14,1
DA:24,1
DA:25,1
DA:38,1
DA:39,1
DA:43,1
DA:44,1
DA:48,1
DA:61,1
LF:17
LH:17
BRDA:11,0,0,0
BRDA:11,0,1,1
BRDA:13,1,0,0
BRDA:13,1,1,1
BRDA:39,2,0,0
BRDA:39,2,1,1
BRDA:44,3,0,0
BRDA:44,3,1,1
BRF:8
BRH:4
end_of_record
TN:
SF:C:\xampp\htdocs\banka\api\controllers/validator.js
FNF:0
FNH:0
DA:1,1
DA:6,1
DA:12,1
DA:16,1
DA:22,1
DA:26,2
DA:30,2
DA:33,1
LF:8
LH:8
BRF:0
BRH:0
end_of_record
TN:
SF:C:\xampp\htdocs\banka\api\model/account.js
FNF:0
FNH:0
DA:1,1
DA:40,1
LF:2
LH:2
BRF:0
BRH:0
end_of_record
TN:
SF:C:\xampp\htdocs\banka\api\model/transaction.js
FNF:0
FNH:0
DA:1,1
DA:64,1
LF:2
LH:2
BRF:0
BRH:0
end_of_record
TN:
SF:C:\xampp\htdocs\banka\api\model/user.js
FNF:0
FNH:0
DA:2,1
DA:41,1
LF:2
LH:2
BRF:0
BRH:0
end_of_record
TN:
SF:C:\xampp\htdocs\banka\api\routes/account.js
FNF:0
FNH:0
DA:1,1
DA:2,1
DA:4,1
DA:6,1
DA:7,1
DA:8,1
DA:10,1
LF:7
LH:7
BRF:0
BRH:0
end_of_record
TN:
SF:C:\xampp\htdocs\banka\api\routes/transaction.js
FNF:0
FNH:0
DA:1,1
DA:2,1
DA:4,1
DA:6,1
DA:7,1
DA:9,1
LF:6
LH:6
BRF:0
BRH:0
end_of_record
TN:
SF:C:\xampp\htdocs\banka\api\routes/user.js
FNF:0
FNH:0
DA:1,1
DA:2,1
DA:4,1
DA:6,1
DA:7,1
DA:9,1
LF:6
LH:6
BRF:0
BRH:0
end_of_record
